<?xml version="1.0" encoding="UTF-8"?>
<testng-results ignored="0" total="1" passed="1" failed="0" skipped="0">
  <reporter-output>
  </reporter-output>
  <suite started-at="2025-09-24T12:59:58 IST" name="Default suite" finished-at="2025-09-24T13:00:16 IST" duration-ms="18625">
    <groups>
    </groups>
    <test started-at="2025-09-24T12:59:58 IST" name="Default test" finished-at="2025-09-24T13:00:16 IST" duration-ms="18625">
      <class name="ProductSearchTest">
        <test-method is-config="true" signature="setupExtent()[pri:0, instance:ProductSearchTest@9d5509a]" started-at="2025-09-24T12:59:58 IST" name="setupExtent" finished-at="2025-09-24T12:59:58 IST" duration-ms="8" status="PASS">
          <reporter-output>
          </reporter-output>
        </test-method> <!-- setupExtent -->
        <test-method is-config="true" signature="setUp()[pri:0, instance:ProductSearchTest@9d5509a]" started-at="2025-09-24T12:59:58 IST" name="setUp" finished-at="2025-09-24T13:00:03 IST" duration-ms="4988" status="PASS">
          <reporter-output>
          </reporter-output>
        </test-method> <!-- setUp -->
        <test-method signature="testProductSearch()[pri:0, instance:ProductSearchTest@9d5509a]" started-at="2025-09-24T13:00:03 IST" name="testProductSearch" finished-at="2025-09-24T13:00:16 IST" duration-ms="13102" status="PASS">
          <reporter-output>
          </reporter-output>
        </test-method> <!-- testProductSearch -->
        <test-method is-config="true" signature="tearDown()[pri:0, instance:ProductSearchTest@9d5509a]" started-at="2025-09-24T13:00:16 IST" name="tearDown" finished-at="2025-09-24T13:00:16 IST" duration-ms="474" status="PASS">
          <reporter-output>
          </reporter-output>
        </test-method> <!-- tearDown -->
        <test-method is-config="true" signature="flushReport()[pri:0, instance:ProductSearchTest@9d5509a]" started-at="2025-09-24T13:00:17 IST" name="flushReport" finished-at="2025-09-24T13:00:17 IST" duration-ms="194" status="PASS">
          <reporter-output>
          </reporter-output>
        </test-method> <!-- flushReport -->
      </class> <!-- ProductSearchTest -->
    </test> <!-- Default test -->
  </suite> <!-- Default suite -->
</testng-results>
